[ 2023-10-30 21:44:57,054 ] werkzeug - INFO - [31m[1mWARNING: This is a development server. Do not use it in a production deployment. Use a production WSGI server instead.[0m
 * Running on all addresses (0.0.0.0)
 * Running on http://127.0.0.1:8080
 * Running on http://192.168.1.35:8080
[ 2023-10-30 21:44:57,054 ] werkzeug - INFO - [33mPress CTRL+C to quit[0m
[ 2023-10-30 21:47:46,816 ] werkzeug - INFO - 127.0.0.1 - - [30/Oct/2023 21:47:46] "GET / HTTP/1.1" 200 -
[ 2023-10-30 21:47:47,265 ] werkzeug - INFO - 127.0.0.1 - - [30/Oct/2023 21:47:47] "[33mGET /favicon.ico HTTP/1.1[0m" 404 -
[ 2023-10-30 21:49:02,477 ] werkzeug - INFO - 127.0.0.1 - - [30/Oct/2023 21:49:02] "GET / HTTP/1.1" 200 -
[ 2023-10-30 21:49:07,636 ] werkzeug - INFO - 127.0.0.1 - - [30/Oct/2023 21:49:07] "POST /predict HTTP/1.1" 200 -
[ 2023-10-30 21:49:08,445 ] root - INFO - Entered the start_data_ingestion method of TrainPipeline class
[ 2023-10-30 21:49:08,445 ] root - INFO - Getting the data from URL
[ 2023-10-30 21:49:08,445 ] root - INFO - Entered initiate_data_ingestion method of Data_Ingestion class
[ 2023-10-30 21:49:08,445 ] root - INFO - Downloading data from https://drive.google.com/file/d/17vDLJrk4iYtysocirKNCDuDIOAsX0-17/view?usp=sharing into file artifacts\data_ingestion\data.zip
[ 2023-10-30 21:49:10,960 ] root - INFO - Downloaded data from https://drive.google.com/file/d/17vDLJrk4iYtysocirKNCDuDIOAsX0-17/view?usp=sharing into file artifacts\data_ingestion\data.zip
[ 2023-10-30 21:49:11,113 ] root - INFO - Extracting zip file: artifacts\data_ingestion\data.zip into dir: artifacts\data_ingestion\feature_store
[ 2023-10-30 21:49:11,113 ] root - INFO - Exited initiate_data_ingestion method of Data_Ingestion class
[ 2023-10-30 21:49:11,113 ] root - INFO - Data ingestion artifact: DataIngestionArtifact(data_zip_file_path='artifacts\\data_ingestion\\data.zip', feature_store_path='artifacts\\data_ingestion\\feature_store')
[ 2023-10-30 21:49:11,128 ] root - INFO - Got the data from URL
[ 2023-10-30 21:49:11,128 ] root - INFO - Exited the start_data_ingestion method of TrainPipeline class
[ 2023-10-30 21:49:11,128 ] root - INFO - Entered the start_data_validation method of TrainPipeline class
[ 2023-10-30 21:49:11,128 ] root - INFO - Entered initiate_data_validation method of DataValidation class
[ 2023-10-30 21:49:11,132 ] root - INFO - Exited initiate_data_validation method of DataValidation class
[ 2023-10-30 21:49:11,132 ] root - INFO - Data validation artifact: DataValidationArtifact(validation_status=True)
[ 2023-10-30 21:49:11,134 ] root - INFO - Performed the data validation operation
[ 2023-10-30 21:49:11,134 ] root - INFO - Exited the start_data_validation method of TrainPipeline class
[ 2023-10-30 21:49:11,134 ] root - INFO - Entered initiate_model_trainer method of ModelTrainer class
[ 2023-10-30 21:49:11,134 ] root - INFO - Unzipping data
[ 2023-10-30 21:50:54,373 ] root - INFO - Exited initiate_model_trainer method of ModelTrainer class
[ 2023-10-30 21:50:54,478 ] root - INFO - Model trainer artifact: ModelTrainerArtifact(trained_model_file_path='artifacts/model_trainer/best.pt')
[ 2023-10-30 21:50:54,478 ] werkzeug - INFO - 127.0.0.1 - - [30/Oct/2023 21:50:54] "GET /train HTTP/1.1" 200 -
[ 2023-10-30 21:52:24,277 ] werkzeug - INFO - 127.0.0.1 - - [30/Oct/2023 21:52:24] "GET / HTTP/1.1" 200 -
[ 2023-10-30 21:53:52,376 ] werkzeug - INFO - 127.0.0.1 - - [30/Oct/2023 21:53:52] "POST /predict HTTP/1.1" 200 -
[ 2023-10-30 21:54:25,760 ] root - INFO - Entered the start_data_ingestion method of TrainPipeline class
[ 2023-10-30 21:54:25,761 ] root - INFO - Getting the data from URL
[ 2023-10-30 21:54:25,761 ] root - INFO - Entered initiate_data_ingestion method of Data_Ingestion class
[ 2023-10-30 21:54:25,761 ] root - INFO - Downloading data from https://drive.google.com/file/d/17vDLJrk4iYtysocirKNCDuDIOAsX0-17/view?usp=sharing into file artifacts\data_ingestion\data.zip
[ 2023-10-30 21:54:27,887 ] root - INFO - Downloaded data from https://drive.google.com/file/d/17vDLJrk4iYtysocirKNCDuDIOAsX0-17/view?usp=sharing into file artifacts\data_ingestion\data.zip
[ 2023-10-30 21:54:27,969 ] root - INFO - Extracting zip file: artifacts\data_ingestion\data.zip into dir: artifacts\data_ingestion\feature_store
[ 2023-10-30 21:54:27,970 ] root - INFO - Exited initiate_data_ingestion method of Data_Ingestion class
[ 2023-10-30 21:54:27,970 ] root - INFO - Data ingestion artifact: DataIngestionArtifact(data_zip_file_path='artifacts\\data_ingestion\\data.zip', feature_store_path='artifacts\\data_ingestion\\feature_store')
[ 2023-10-30 21:54:27,970 ] root - INFO - Got the data from URL
[ 2023-10-30 21:54:27,970 ] root - INFO - Exited the start_data_ingestion method of TrainPipeline class
[ 2023-10-30 21:54:27,970 ] root - INFO - Entered the start_data_validation method of TrainPipeline class
[ 2023-10-30 21:54:27,970 ] root - INFO - Entered initiate_data_validation method of DataValidation class
[ 2023-10-30 21:54:27,970 ] root - INFO - Exited initiate_data_validation method of DataValidation class
[ 2023-10-30 21:54:27,970 ] root - INFO - Data validation artifact: DataValidationArtifact(validation_status=True)
[ 2023-10-30 21:54:27,970 ] root - INFO - Performed the data validation operation
[ 2023-10-30 21:54:27,970 ] root - INFO - Exited the start_data_validation method of TrainPipeline class
[ 2023-10-30 21:54:27,970 ] root - INFO - Entered initiate_model_trainer method of ModelTrainer class
[ 2023-10-30 21:54:27,970 ] root - INFO - Unzipping data
[ 2023-10-30 21:55:18,176 ] root - INFO - Exited initiate_model_trainer method of ModelTrainer class
[ 2023-10-30 21:55:18,176 ] root - INFO - Model trainer artifact: ModelTrainerArtifact(trained_model_file_path='artifacts/model_trainer/best.pt')
[ 2023-10-30 21:55:18,177 ] werkzeug - INFO - 127.0.0.1 - - [30/Oct/2023 21:55:18] "GET /train HTTP/1.1" 200 -
[ 2023-10-30 21:56:52,339 ] root - INFO - Entered the start_data_ingestion method of TrainPipeline class
[ 2023-10-30 21:56:52,339 ] root - INFO - Getting the data from URL
[ 2023-10-30 21:56:52,340 ] root - INFO - Entered initiate_data_ingestion method of Data_Ingestion class
[ 2023-10-30 21:56:52,340 ] root - INFO - Downloading data from https://drive.google.com/file/d/17vDLJrk4iYtysocirKNCDuDIOAsX0-17/view?usp=sharing into file artifacts\data_ingestion\data.zip
[ 2023-10-30 21:56:54,428 ] root - INFO - Downloaded data from https://drive.google.com/file/d/17vDLJrk4iYtysocirKNCDuDIOAsX0-17/view?usp=sharing into file artifacts\data_ingestion\data.zip
[ 2023-10-30 21:56:54,460 ] root - INFO - Extracting zip file: artifacts\data_ingestion\data.zip into dir: artifacts\data_ingestion\feature_store
[ 2023-10-30 21:56:54,460 ] root - INFO - Exited initiate_data_ingestion method of Data_Ingestion class
[ 2023-10-30 21:56:54,460 ] root - INFO - Data ingestion artifact: DataIngestionArtifact(data_zip_file_path='artifacts\\data_ingestion\\data.zip', feature_store_path='artifacts\\data_ingestion\\feature_store')
[ 2023-10-30 21:56:54,460 ] root - INFO - Got the data from URL
[ 2023-10-30 21:56:54,460 ] root - INFO - Exited the start_data_ingestion method of TrainPipeline class
[ 2023-10-30 21:56:54,460 ] root - INFO - Entered the start_data_validation method of TrainPipeline class
[ 2023-10-30 21:56:54,460 ] root - INFO - Entered initiate_data_validation method of DataValidation class
[ 2023-10-30 21:56:54,463 ] root - INFO - Exited initiate_data_validation method of DataValidation class
[ 2023-10-30 21:56:54,463 ] root - INFO - Data validation artifact: DataValidationArtifact(validation_status=True)
[ 2023-10-30 21:56:54,463 ] root - INFO - Performed the data validation operation
[ 2023-10-30 21:56:54,463 ] root - INFO - Exited the start_data_validation method of TrainPipeline class
[ 2023-10-30 21:56:54,463 ] root - INFO - Entered initiate_model_trainer method of ModelTrainer class
[ 2023-10-30 21:56:54,463 ] root - INFO - Unzipping data
[ 2023-10-30 21:57:39,079 ] root - INFO - Exited initiate_model_trainer method of ModelTrainer class
[ 2023-10-30 21:57:39,079 ] root - INFO - Model trainer artifact: ModelTrainerArtifact(trained_model_file_path='artifacts/model_trainer/best.pt')
[ 2023-10-30 21:57:39,079 ] werkzeug - INFO - 127.0.0.1 - - [30/Oct/2023 21:57:39] "GET /train HTTP/1.1" 200 -
[ 2023-10-30 21:57:44,382 ] werkzeug - INFO - 127.0.0.1 - - [30/Oct/2023 21:57:44] "GET / HTTP/1.1" 200 -
[ 2023-10-30 22:01:10,608 ] root - INFO - Entered the start_data_ingestion method of TrainPipeline class
[ 2023-10-30 22:01:10,608 ] root - INFO - Getting the data from URL
[ 2023-10-30 22:01:10,608 ] root - INFO - Entered initiate_data_ingestion method of Data_Ingestion class
[ 2023-10-30 22:01:10,610 ] root - INFO - Downloading data from https://drive.google.com/file/d/17vDLJrk4iYtysocirKNCDuDIOAsX0-17/view?usp=sharing into file artifacts\data_ingestion\data.zip
[ 2023-10-30 22:01:13,030 ] root - INFO - Downloaded data from https://drive.google.com/file/d/17vDLJrk4iYtysocirKNCDuDIOAsX0-17/view?usp=sharing into file artifacts\data_ingestion\data.zip
[ 2023-10-30 22:01:13,074 ] root - INFO - Extracting zip file: artifacts\data_ingestion\data.zip into dir: artifacts\data_ingestion\feature_store
[ 2023-10-30 22:01:13,074 ] root - INFO - Exited initiate_data_ingestion method of Data_Ingestion class
[ 2023-10-30 22:01:13,075 ] root - INFO - Data ingestion artifact: DataIngestionArtifact(data_zip_file_path='artifacts\\data_ingestion\\data.zip', feature_store_path='artifacts\\data_ingestion\\feature_store')
[ 2023-10-30 22:01:13,075 ] root - INFO - Got the data from URL
[ 2023-10-30 22:01:13,075 ] root - INFO - Exited the start_data_ingestion method of TrainPipeline class
[ 2023-10-30 22:01:13,075 ] root - INFO - Entered the start_data_validation method of TrainPipeline class
[ 2023-10-30 22:01:13,075 ] root - INFO - Entered initiate_data_validation method of DataValidation class
[ 2023-10-30 22:01:13,081 ] root - INFO - Exited initiate_data_validation method of DataValidation class
[ 2023-10-30 22:01:13,081 ] root - INFO - Data validation artifact: DataValidationArtifact(validation_status=True)
[ 2023-10-30 22:01:13,083 ] root - INFO - Performed the data validation operation
[ 2023-10-30 22:01:13,083 ] root - INFO - Exited the start_data_validation method of TrainPipeline class
[ 2023-10-30 22:01:13,083 ] root - INFO - Entered initiate_model_trainer method of ModelTrainer class
[ 2023-10-30 22:01:13,083 ] root - INFO - Unzipping data
[ 2023-10-30 22:02:01,279 ] root - INFO - Exited initiate_model_trainer method of ModelTrainer class
[ 2023-10-30 22:02:01,279 ] root - INFO - Model trainer artifact: ModelTrainerArtifact(trained_model_file_path='artifacts/model_trainer/best.pt')
[ 2023-10-30 22:02:01,281 ] werkzeug - INFO - 127.0.0.1 - - [30/Oct/2023 22:02:01] "GET /train HTTP/1.1" 200 -
[ 2023-10-30 22:02:30,642 ] werkzeug - INFO - 127.0.0.1 - - [30/Oct/2023 22:02:30] "GET / HTTP/1.1" 200 -
[ 2023-10-30 22:03:15,411 ] werkzeug - INFO - 127.0.0.1 - - [30/Oct/2023 22:03:15] "POST /predict HTTP/1.1" 200 -
